2025-02-27 16:45:15,181:WARNING:
'cuml' is a soft dependency and not included in the pycaret installation. Please run: `pip install cuml` to install.
2025-02-27 16:45:15,181:WARNING:
'cuml' is a soft dependency and not included in the pycaret installation. Please run: `pip install cuml` to install.
2025-02-27 16:45:15,181:WARNING:
'cuml' is a soft dependency and not included in the pycaret installation. Please run: `pip install cuml` to install.
2025-02-27 16:45:15,181:WARNING:
'cuml' is a soft dependency and not included in the pycaret installation. Please run: `pip install cuml` to install.
2025-02-27 16:45:34,447:INFO:PyCaret RegressionExperiment
2025-02-27 16:45:34,447:INFO:Logging name: reg-default-name
2025-02-27 16:45:34,447:INFO:ML Usecase: MLUsecase.REGRESSION
2025-02-27 16:45:34,447:INFO:version 3.3.2
2025-02-27 16:45:34,447:INFO:Initializing setup()
2025-02-27 16:45:34,447:INFO:self.USI: 9caa
2025-02-27 16:45:34,447:INFO:self._variable_keys: {'transform_target_param', 'USI', 'target_param', 'fold_shuffle_param', 'n_jobs_param', 'X_train', 'seed', 'idx', 'fold_groups_param', 'memory', 'logging_param', '_ml_usecase', 'html_param', 'gpu_param', 'fold_generator', 'gpu_n_jobs_param', 'y_test', 'X_test', 'exp_id', 'log_plots_param', 'y', '_available_plots', 'y_train', 'X', 'data', 'pipeline', 'exp_name_log'}
2025-02-27 16:45:34,447:INFO:Checking environment
2025-02-27 16:45:34,447:INFO:python_version: 3.10.16
2025-02-27 16:45:34,447:INFO:python_build: ('main', 'Dec 11 2024 16:19:12')
2025-02-27 16:45:34,447:INFO:machine: AMD64
2025-02-27 16:45:34,447:INFO:platform: Windows-10-10.0.26100-SP0
2025-02-27 16:45:34,463:INFO:Memory: svmem(total=8316399616, available=1055412224, percent=87.3, used=7260987392, free=1055412224)
2025-02-27 16:45:34,464:INFO:Physical Core: 6
2025-02-27 16:45:34,464:INFO:Logical Core: 12
2025-02-27 16:45:34,464:INFO:Checking libraries
2025-02-27 16:45:34,464:INFO:System:
2025-02-27 16:45:34,464:INFO:    python: 3.10.16 | packaged by Anaconda, Inc. | (main, Dec 11 2024, 16:19:12) [MSC v.1929 64 bit (AMD64)]
2025-02-27 16:45:34,464:INFO:executable: c:\Users\a.abasolo\AppData\Local\anaconda3\envs\proyecto_ml\python.exe
2025-02-27 16:45:34,464:INFO:   machine: Windows-10-10.0.26100-SP0
2025-02-27 16:45:34,464:INFO:PyCaret required dependencies:
2025-02-27 16:45:35,597:INFO:                 pip: 25.0
2025-02-27 16:45:35,597:INFO:          setuptools: 75.8.0
2025-02-27 16:45:35,597:INFO:             pycaret: 3.3.2
2025-02-27 16:45:35,597:INFO:             IPython: 8.32.0
2025-02-27 16:45:35,597:INFO:          ipywidgets: 8.1.5
2025-02-27 16:45:35,597:INFO:                tqdm: 4.67.1
2025-02-27 16:45:35,597:INFO:               numpy: 1.26.4
2025-02-27 16:45:35,597:INFO:              pandas: 2.1.4
2025-02-27 16:45:35,597:INFO:              jinja2: 3.1.5
2025-02-27 16:45:35,597:INFO:               scipy: 1.11.4
2025-02-27 16:45:35,597:INFO:              joblib: 1.3.2
2025-02-27 16:45:35,597:INFO:             sklearn: 1.4.2
2025-02-27 16:45:35,597:INFO:                pyod: 2.0.3
2025-02-27 16:45:35,597:INFO:            imblearn: 0.13.0
2025-02-27 16:45:35,597:INFO:   category_encoders: 2.7.0
2025-02-27 16:45:35,597:INFO:            lightgbm: 4.6.0
2025-02-27 16:45:35,597:INFO:               numba: 0.61.0
2025-02-27 16:45:35,597:INFO:            requests: 2.32.3
2025-02-27 16:45:35,597:INFO:          matplotlib: 3.7.5
2025-02-27 16:45:35,597:INFO:          scikitplot: 0.3.7
2025-02-27 16:45:35,597:INFO:         yellowbrick: 1.5
2025-02-27 16:45:35,597:INFO:              plotly: 5.24.1
2025-02-27 16:45:35,597:INFO:    plotly-resampler: Not installed
2025-02-27 16:45:35,597:INFO:             kaleido: 0.2.1
2025-02-27 16:45:35,597:INFO:           schemdraw: 0.15
2025-02-27 16:45:35,597:INFO:         statsmodels: 0.14.4
2025-02-27 16:45:35,597:INFO:              sktime: 0.26.0
2025-02-27 16:45:35,597:INFO:               tbats: 1.1.3
2025-02-27 16:45:35,597:INFO:            pmdarima: 2.0.4
2025-02-27 16:45:35,597:INFO:              psutil: 7.0.0
2025-02-27 16:45:35,597:INFO:          markupsafe: 2.1.5
2025-02-27 16:45:35,606:INFO:             pickle5: Not installed
2025-02-27 16:45:35,606:INFO:         cloudpickle: 3.1.1
2025-02-27 16:45:35,606:INFO:         deprecation: 2.1.0
2025-02-27 16:45:35,606:INFO:              xxhash: 3.5.0
2025-02-27 16:45:35,606:INFO:           wurlitzer: Not installed
2025-02-27 16:45:35,606:INFO:PyCaret optional dependencies:
2025-02-27 16:45:39,217:INFO:                shap: 0.44.1
2025-02-27 16:45:39,217:INFO:           interpret: 0.6.9
2025-02-27 16:45:39,217:INFO:                umap: 0.5.7
2025-02-27 16:45:39,217:INFO:     ydata_profiling: 4.12.2
2025-02-27 16:45:39,217:INFO:  explainerdashboard: 0.4.8
2025-02-27 16:45:39,217:INFO:             autoviz: Not installed
2025-02-27 16:45:39,217:INFO:           fairlearn: 0.7.0
2025-02-27 16:45:39,217:INFO:          deepchecks: Not installed
2025-02-27 16:45:39,217:INFO:             xgboost: 2.1.4
2025-02-27 16:45:39,217:INFO:            catboost: 1.2.7
2025-02-27 16:45:39,217:INFO:              kmodes: 0.12.2
2025-02-27 16:45:39,217:INFO:             mlxtend: 0.23.4
2025-02-27 16:45:39,217:INFO:       statsforecast: 1.5.0
2025-02-27 16:45:39,217:INFO:        tune_sklearn: Not installed
2025-02-27 16:45:39,217:INFO:                 ray: Not installed
2025-02-27 16:45:39,217:INFO:            hyperopt: 0.2.7
2025-02-27 16:45:39,217:INFO:              optuna: 4.2.1
2025-02-27 16:45:39,217:INFO:               skopt: 0.10.2
2025-02-27 16:45:39,217:INFO:              mlflow: 2.20.3
2025-02-27 16:45:39,217:INFO:              gradio: 5.19.0
2025-02-27 16:45:39,217:INFO:             fastapi: 0.115.8
2025-02-27 16:45:39,217:INFO:             uvicorn: 0.34.0
2025-02-27 16:45:39,217:INFO:              m2cgen: 0.10.0
2025-02-27 16:45:39,217:INFO:           evidently: 0.4.40
2025-02-27 16:45:39,217:INFO:               fugue: 0.8.7
2025-02-27 16:45:39,217:INFO:           streamlit: 1.42.2
2025-02-27 16:45:39,217:INFO:             prophet: 1.1.6
2025-02-27 16:45:39,217:INFO:None
2025-02-27 16:45:39,217:INFO:Set up data.
2025-02-27 16:45:39,819:INFO:Set up folding strategy.
2025-02-27 16:45:39,819:INFO:Set up train/test split.
2025-02-27 16:45:40,017:INFO:Set up index.
2025-02-27 16:45:40,051:INFO:Assigning column types.
2025-02-27 16:45:40,108:INFO:Engine successfully changes for model 'lr' to 'sklearn'.
2025-02-27 16:45:40,108:INFO:Engine for model 'lasso' has not been set explicitly, hence returning None.
2025-02-27 16:45:40,117:INFO:Engine for model 'ridge' has not been set explicitly, hence returning None.
2025-02-27 16:45:40,117:INFO:Engine for model 'en' has not been set explicitly, hence returning None.
2025-02-27 16:45:40,317:INFO:Engine for model 'svm' has not been set explicitly, hence returning None.
2025-02-27 16:45:40,357:INFO:Engine for model 'knn' has not been set explicitly, hence returning None.
2025-02-27 16:45:40,357:INFO:Soft dependency imported: xgboost: 2.1.4
2025-02-27 16:45:40,366:INFO:Soft dependency imported: catboost: 1.2.7
2025-02-27 16:45:40,478:INFO:Engine for model 'lasso' has not been set explicitly, hence returning None.
2025-02-27 16:45:40,478:INFO:Engine for model 'ridge' has not been set explicitly, hence returning None.
2025-02-27 16:45:40,488:INFO:Engine for model 'en' has not been set explicitly, hence returning None.
2025-02-27 16:45:40,688:INFO:Engine for model 'svm' has not been set explicitly, hence returning None.
2025-02-27 16:45:40,726:INFO:Engine for model 'knn' has not been set explicitly, hence returning None.
2025-02-27 16:45:40,726:INFO:Soft dependency imported: xgboost: 2.1.4
2025-02-27 16:45:40,726:INFO:Soft dependency imported: catboost: 1.2.7
2025-02-27 16:45:40,726:INFO:Engine successfully changes for model 'lasso' to 'sklearn'.
2025-02-27 16:45:40,726:INFO:Engine for model 'ridge' has not been set explicitly, hence returning None.
2025-02-27 16:45:40,738:INFO:Engine for model 'en' has not been set explicitly, hence returning None.
2025-02-27 16:45:40,936:INFO:Engine for model 'svm' has not been set explicitly, hence returning None.
2025-02-27 16:45:40,976:INFO:Engine for model 'knn' has not been set explicitly, hence returning None.
2025-02-27 16:45:40,976:INFO:Soft dependency imported: xgboost: 2.1.4
2025-02-27 16:45:40,976:INFO:Soft dependency imported: catboost: 1.2.7
2025-02-27 16:45:40,987:INFO:Engine for model 'ridge' has not been set explicitly, hence returning None.
2025-02-27 16:45:40,987:INFO:Engine for model 'en' has not been set explicitly, hence returning None.
2025-02-27 16:45:41,176:INFO:Engine for model 'svm' has not been set explicitly, hence returning None.
2025-02-27 16:45:41,217:INFO:Engine for model 'knn' has not been set explicitly, hence returning None.
2025-02-27 16:45:41,217:INFO:Soft dependency imported: xgboost: 2.1.4
2025-02-27 16:45:41,217:INFO:Soft dependency imported: catboost: 1.2.7
2025-02-27 16:45:41,217:INFO:Engine successfully changes for model 'ridge' to 'sklearn'.
2025-02-27 16:45:41,227:INFO:Engine for model 'en' has not been set explicitly, hence returning None.
2025-02-27 16:45:41,406:INFO:Engine for model 'svm' has not been set explicitly, hence returning None.
2025-02-27 16:45:41,446:INFO:Engine for model 'knn' has not been set explicitly, hence returning None.
2025-02-27 16:45:41,446:INFO:Soft dependency imported: xgboost: 2.1.4
2025-02-27 16:45:41,446:INFO:Soft dependency imported: catboost: 1.2.7
2025-02-27 16:45:41,460:INFO:Engine for model 'en' has not been set explicitly, hence returning None.
2025-02-27 16:45:41,639:INFO:Engine for model 'svm' has not been set explicitly, hence returning None.
2025-02-27 16:45:41,676:INFO:Engine for model 'knn' has not been set explicitly, hence returning None.
2025-02-27 16:45:41,676:INFO:Soft dependency imported: xgboost: 2.1.4
2025-02-27 16:45:41,676:INFO:Soft dependency imported: catboost: 1.2.7
2025-02-27 16:45:41,676:INFO:Engine successfully changes for model 'en' to 'sklearn'.
2025-02-27 16:45:41,876:INFO:Engine for model 'svm' has not been set explicitly, hence returning None.
2025-02-27 16:45:41,916:INFO:Engine for model 'knn' has not been set explicitly, hence returning None.
2025-02-27 16:45:41,916:INFO:Soft dependency imported: xgboost: 2.1.4
2025-02-27 16:45:41,916:INFO:Soft dependency imported: catboost: 1.2.7
2025-02-27 16:45:42,116:INFO:Engine for model 'svm' has not been set explicitly, hence returning None.
2025-02-27 16:45:42,159:INFO:Engine for model 'knn' has not been set explicitly, hence returning None.
2025-02-27 16:45:42,159:INFO:Soft dependency imported: xgboost: 2.1.4
2025-02-27 16:45:42,159:INFO:Soft dependency imported: catboost: 1.2.7
2025-02-27 16:45:42,159:INFO:Engine successfully changes for model 'knn' to 'sklearn'.
2025-02-27 16:45:42,356:INFO:Engine for model 'svm' has not been set explicitly, hence returning None.
2025-02-27 16:45:42,397:INFO:Soft dependency imported: xgboost: 2.1.4
2025-02-27 16:45:42,397:INFO:Soft dependency imported: catboost: 1.2.7
2025-02-27 16:45:42,597:INFO:Engine for model 'svm' has not been set explicitly, hence returning None.
2025-02-27 16:45:42,636:INFO:Soft dependency imported: xgboost: 2.1.4
2025-02-27 16:45:42,636:INFO:Soft dependency imported: catboost: 1.2.7
2025-02-27 16:45:42,636:INFO:Engine successfully changes for model 'svm' to 'sklearn'.
2025-02-27 16:45:42,886:INFO:Soft dependency imported: xgboost: 2.1.4
2025-02-27 16:45:42,886:INFO:Soft dependency imported: catboost: 1.2.7
2025-02-27 16:45:43,129:INFO:Soft dependency imported: xgboost: 2.1.4
2025-02-27 16:45:43,129:INFO:Soft dependency imported: catboost: 1.2.7
2025-02-27 16:45:43,136:INFO:Preparing preprocessing pipeline...
2025-02-27 16:45:43,136:INFO:Set up simple imputation.
2025-02-27 16:45:43,206:INFO:Set up encoding of categorical features.
2025-02-27 16:45:43,217:INFO:Set up column name cleaning.
2025-02-27 16:52:15,250:INFO:PyCaret RegressionExperiment
2025-02-27 16:52:15,250:INFO:Logging name: reg-default-name
2025-02-27 16:52:15,250:INFO:ML Usecase: MLUsecase.REGRESSION
2025-02-27 16:52:15,250:INFO:version 3.3.2
2025-02-27 16:52:15,250:INFO:Initializing setup()
2025-02-27 16:52:15,250:INFO:self.USI: 486f
2025-02-27 16:52:15,250:INFO:self._variable_keys: {'transform_target_param', 'USI', 'target_param', 'fold_shuffle_param', 'n_jobs_param', 'X_train', 'seed', 'idx', 'fold_groups_param', 'memory', 'logging_param', '_ml_usecase', 'html_param', 'gpu_param', 'fold_generator', 'gpu_n_jobs_param', 'y_test', 'X_test', 'exp_id', 'log_plots_param', 'y', '_available_plots', 'y_train', 'X', 'data', 'pipeline', 'exp_name_log'}
2025-02-27 16:52:15,250:INFO:Checking environment
2025-02-27 16:52:15,250:INFO:python_version: 3.10.16
2025-02-27 16:52:15,250:INFO:python_build: ('main', 'Dec 11 2024 16:19:12')
2025-02-27 16:52:15,250:INFO:machine: AMD64
2025-02-27 16:52:15,250:INFO:platform: Windows-10-10.0.26100-SP0
2025-02-27 16:52:15,274:INFO:Memory: svmem(total=8316399616, available=1009328128, percent=87.9, used=7307071488, free=1009328128)
2025-02-27 16:52:15,274:INFO:Physical Core: 6
2025-02-27 16:52:15,275:INFO:Logical Core: 12
2025-02-27 16:52:15,275:INFO:Checking libraries
2025-02-27 16:52:15,275:INFO:System:
2025-02-27 16:52:15,276:INFO:    python: 3.10.16 | packaged by Anaconda, Inc. | (main, Dec 11 2024, 16:19:12) [MSC v.1929 64 bit (AMD64)]
2025-02-27 16:52:15,276:INFO:executable: c:\Users\a.abasolo\AppData\Local\anaconda3\envs\proyecto_ml\python.exe
2025-02-27 16:52:15,276:INFO:   machine: Windows-10-10.0.26100-SP0
2025-02-27 16:52:15,276:INFO:PyCaret required dependencies:
2025-02-27 16:52:15,279:INFO:                 pip: 25.0
2025-02-27 16:52:15,279:INFO:          setuptools: 75.8.0
2025-02-27 16:52:15,279:INFO:             pycaret: 3.3.2
2025-02-27 16:52:15,279:INFO:             IPython: 8.32.0
2025-02-27 16:52:15,279:INFO:          ipywidgets: 8.1.5
2025-02-27 16:52:15,279:INFO:                tqdm: 4.67.1
2025-02-27 16:52:15,280:INFO:               numpy: 1.26.4
2025-02-27 16:52:15,280:INFO:              pandas: 2.1.4
2025-02-27 16:52:15,280:INFO:              jinja2: 3.1.5
2025-02-27 16:52:15,280:INFO:               scipy: 1.11.4
2025-02-27 16:52:15,280:INFO:              joblib: 1.3.2
2025-02-27 16:52:15,280:INFO:             sklearn: 1.4.2
2025-02-27 16:52:15,280:INFO:                pyod: 2.0.3
2025-02-27 16:52:15,283:INFO:            imblearn: 0.13.0
2025-02-27 16:52:15,283:INFO:   category_encoders: 2.7.0
2025-02-27 16:52:15,287:INFO:            lightgbm: 4.6.0
2025-02-27 16:52:15,289:INFO:               numba: 0.61.0
2025-02-27 16:52:15,289:INFO:            requests: 2.32.3
2025-02-27 16:52:15,289:INFO:          matplotlib: 3.7.5
2025-02-27 16:52:15,289:INFO:          scikitplot: 0.3.7
2025-02-27 16:52:15,289:INFO:         yellowbrick: 1.5
2025-02-27 16:52:15,289:INFO:              plotly: 5.24.1
2025-02-27 16:52:15,289:INFO:    plotly-resampler: Not installed
2025-02-27 16:52:15,289:INFO:             kaleido: 0.2.1
2025-02-27 16:52:15,289:INFO:           schemdraw: 0.15
2025-02-27 16:52:15,289:INFO:         statsmodels: 0.14.4
2025-02-27 16:52:15,289:INFO:              sktime: 0.26.0
2025-02-27 16:52:15,289:INFO:               tbats: 1.1.3
2025-02-27 16:52:15,289:INFO:            pmdarima: 2.0.4
2025-02-27 16:52:15,289:INFO:              psutil: 7.0.0
2025-02-27 16:52:15,289:INFO:          markupsafe: 2.1.5
2025-02-27 16:52:15,291:INFO:             pickle5: Not installed
2025-02-27 16:52:15,291:INFO:         cloudpickle: 3.1.1
2025-02-27 16:52:15,291:INFO:         deprecation: 2.1.0
2025-02-27 16:52:15,291:INFO:              xxhash: 3.5.0
2025-02-27 16:52:15,291:INFO:           wurlitzer: Not installed
2025-02-27 16:52:15,291:INFO:PyCaret optional dependencies:
2025-02-27 16:52:15,291:INFO:                shap: 0.44.1
2025-02-27 16:52:15,293:INFO:           interpret: 0.6.9
2025-02-27 16:52:15,293:INFO:                umap: 0.5.7
2025-02-27 16:52:15,293:INFO:     ydata_profiling: 4.12.2
2025-02-27 16:52:15,293:INFO:  explainerdashboard: 0.4.8
2025-02-27 16:52:15,293:INFO:             autoviz: Not installed
2025-02-27 16:52:15,293:INFO:           fairlearn: 0.7.0
2025-02-27 16:52:15,293:INFO:          deepchecks: Not installed
2025-02-27 16:52:15,293:INFO:             xgboost: 2.1.4
2025-02-27 16:52:15,296:INFO:            catboost: 1.2.7
2025-02-27 16:52:15,296:INFO:              kmodes: 0.12.2
2025-02-27 16:52:15,296:INFO:             mlxtend: 0.23.4
2025-02-27 16:52:15,299:INFO:       statsforecast: 1.5.0
2025-02-27 16:52:15,299:INFO:        tune_sklearn: Not installed
2025-02-27 16:52:15,299:INFO:                 ray: Not installed
2025-02-27 16:52:15,299:INFO:            hyperopt: 0.2.7
2025-02-27 16:52:15,299:INFO:              optuna: 4.2.1
2025-02-27 16:52:15,299:INFO:               skopt: 0.10.2
2025-02-27 16:52:15,299:INFO:              mlflow: 2.20.3
2025-02-27 16:52:15,299:INFO:              gradio: 5.19.0
2025-02-27 16:52:15,299:INFO:             fastapi: 0.115.8
2025-02-27 16:52:15,299:INFO:             uvicorn: 0.34.0
2025-02-27 16:52:15,299:INFO:              m2cgen: 0.10.0
2025-02-27 16:52:15,299:INFO:           evidently: 0.4.40
2025-02-27 16:52:15,299:INFO:               fugue: 0.8.7
2025-02-27 16:52:15,299:INFO:           streamlit: 1.42.2
2025-02-27 16:52:15,299:INFO:             prophet: 1.1.6
2025-02-27 16:52:15,299:INFO:None
2025-02-27 16:52:15,301:INFO:Set up data.
2025-02-27 16:52:16,130:INFO:Set up folding strategy.
2025-02-27 16:52:16,131:INFO:Set up train/test split.
2025-02-27 16:52:16,383:INFO:Set up index.
2025-02-27 16:52:16,411:INFO:Assigning column types.
2025-02-27 16:52:16,476:INFO:Engine successfully changes for model 'lr' to 'sklearn'.
2025-02-27 16:52:16,476:INFO:Engine for model 'lasso' has not been set explicitly, hence returning None.
2025-02-27 16:52:16,483:INFO:Engine for model 'ridge' has not been set explicitly, hence returning None.
2025-02-27 16:52:16,493:INFO:Engine for model 'en' has not been set explicitly, hence returning None.
2025-02-27 16:52:16,713:INFO:Engine for model 'svm' has not been set explicitly, hence returning None.
2025-02-27 16:52:16,763:INFO:Engine for model 'knn' has not been set explicitly, hence returning None.
2025-02-27 16:52:16,768:INFO:Soft dependency imported: xgboost: 2.1.4
2025-02-27 16:52:16,773:INFO:Soft dependency imported: catboost: 1.2.7
2025-02-27 16:52:16,773:INFO:Engine for model 'lasso' has not been set explicitly, hence returning None.
2025-02-27 16:52:16,777:INFO:Engine for model 'ridge' has not been set explicitly, hence returning None.
2025-02-27 16:52:16,807:INFO:Engine for model 'en' has not been set explicitly, hence returning None.
2025-02-27 16:52:17,143:INFO:Engine for model 'svm' has not been set explicitly, hence returning None.
2025-02-27 16:52:17,193:INFO:Engine for model 'knn' has not been set explicitly, hence returning None.
2025-02-27 16:52:17,193:INFO:Soft dependency imported: xgboost: 2.1.4
2025-02-27 16:52:17,197:INFO:Soft dependency imported: catboost: 1.2.7
2025-02-27 16:52:17,198:INFO:Engine successfully changes for model 'lasso' to 'sklearn'.
2025-02-27 16:52:17,198:INFO:Engine for model 'ridge' has not been set explicitly, hence returning None.
2025-02-27 16:52:17,208:INFO:Engine for model 'en' has not been set explicitly, hence returning None.
2025-02-27 16:52:17,488:INFO:Engine for model 'svm' has not been set explicitly, hence returning None.
2025-02-27 16:52:17,533:INFO:Engine for model 'knn' has not been set explicitly, hence returning None.
2025-02-27 16:52:17,533:INFO:Soft dependency imported: xgboost: 2.1.4
2025-02-27 16:52:17,537:INFO:Soft dependency imported: catboost: 1.2.7
2025-02-27 16:52:17,543:INFO:Engine for model 'ridge' has not been set explicitly, hence returning None.
2025-02-27 16:52:17,543:INFO:Engine for model 'en' has not been set explicitly, hence returning None.
2025-02-27 16:52:17,747:INFO:Engine for model 'svm' has not been set explicitly, hence returning None.
2025-02-27 16:52:17,787:INFO:Engine for model 'knn' has not been set explicitly, hence returning None.
2025-02-27 16:52:17,787:INFO:Soft dependency imported: xgboost: 2.1.4
2025-02-27 16:52:17,793:INFO:Soft dependency imported: catboost: 1.2.7
2025-02-27 16:52:17,793:INFO:Engine successfully changes for model 'ridge' to 'sklearn'.
2025-02-27 16:52:17,818:INFO:Engine for model 'en' has not been set explicitly, hence returning None.
2025-02-27 16:52:18,036:INFO:Engine for model 'svm' has not been set explicitly, hence returning None.
2025-02-27 16:52:18,099:INFO:Engine for model 'knn' has not been set explicitly, hence returning None.
2025-02-27 16:52:18,100:INFO:Soft dependency imported: xgboost: 2.1.4
2025-02-27 16:52:18,103:INFO:Soft dependency imported: catboost: 1.2.7
2025-02-27 16:52:18,107:INFO:Engine for model 'en' has not been set explicitly, hence returning None.
2025-02-27 16:52:18,313:INFO:Engine for model 'svm' has not been set explicitly, hence returning None.
2025-02-27 16:52:18,367:INFO:Engine for model 'knn' has not been set explicitly, hence returning None.
2025-02-27 16:52:18,367:INFO:Soft dependency imported: xgboost: 2.1.4
2025-02-27 16:52:18,373:INFO:Soft dependency imported: catboost: 1.2.7
2025-02-27 16:52:18,373:INFO:Engine successfully changes for model 'en' to 'sklearn'.
2025-02-27 16:52:18,623:INFO:Engine for model 'svm' has not been set explicitly, hence returning None.
2025-02-27 16:52:18,665:INFO:Engine for model 'knn' has not been set explicitly, hence returning None.
2025-02-27 16:52:18,665:INFO:Soft dependency imported: xgboost: 2.1.4
2025-02-27 16:52:18,665:INFO:Soft dependency imported: catboost: 1.2.7
2025-02-27 16:52:18,883:INFO:Engine for model 'svm' has not been set explicitly, hence returning None.
2025-02-27 16:52:18,926:INFO:Engine for model 'knn' has not been set explicitly, hence returning None.
2025-02-27 16:52:18,926:INFO:Soft dependency imported: xgboost: 2.1.4
2025-02-27 16:52:18,926:INFO:Soft dependency imported: catboost: 1.2.7
2025-02-27 16:52:18,933:INFO:Engine successfully changes for model 'knn' to 'sklearn'.
2025-02-27 16:52:19,133:INFO:Engine for model 'svm' has not been set explicitly, hence returning None.
2025-02-27 16:52:19,180:INFO:Soft dependency imported: xgboost: 2.1.4
2025-02-27 16:52:19,183:INFO:Soft dependency imported: catboost: 1.2.7
2025-02-27 16:52:19,413:INFO:Engine for model 'svm' has not been set explicitly, hence returning None.
2025-02-27 16:52:19,456:INFO:Soft dependency imported: xgboost: 2.1.4
2025-02-27 16:52:19,463:INFO:Soft dependency imported: catboost: 1.2.7
2025-02-27 16:52:19,463:INFO:Engine successfully changes for model 'svm' to 'sklearn'.
2025-02-27 16:52:19,713:INFO:Soft dependency imported: xgboost: 2.1.4
2025-02-27 16:52:19,723:INFO:Soft dependency imported: catboost: 1.2.7
2025-02-27 16:52:19,973:INFO:Soft dependency imported: xgboost: 2.1.4
2025-02-27 16:52:19,983:INFO:Soft dependency imported: catboost: 1.2.7
2025-02-27 16:52:19,993:INFO:Preparing preprocessing pipeline...
2025-02-27 16:52:19,993:INFO:Set up simple imputation.
2025-02-27 16:52:20,067:INFO:Set up encoding of categorical features.
2025-02-27 16:52:20,079:INFO:Set up column name cleaning.
2025-02-27 16:58:22,072:INFO:PyCaret RegressionExperiment
2025-02-27 16:58:22,073:INFO:Logging name: reg-default-name
2025-02-27 16:58:22,073:INFO:ML Usecase: MLUsecase.REGRESSION
2025-02-27 16:58:22,073:INFO:version 3.3.2
2025-02-27 16:58:22,073:INFO:Initializing setup()
2025-02-27 16:58:22,073:INFO:self.USI: 6956
2025-02-27 16:58:22,073:INFO:self._variable_keys: {'transform_target_param', 'USI', 'target_param', 'fold_shuffle_param', 'n_jobs_param', 'X_train', 'seed', 'idx', 'fold_groups_param', 'memory', 'logging_param', '_ml_usecase', 'html_param', 'gpu_param', 'fold_generator', 'gpu_n_jobs_param', 'y_test', 'X_test', 'exp_id', 'log_plots_param', 'y', '_available_plots', 'y_train', 'X', 'data', 'pipeline', 'exp_name_log'}
2025-02-27 16:58:22,073:INFO:Checking environment
2025-02-27 16:58:22,073:INFO:python_version: 3.10.16
2025-02-27 16:58:22,073:INFO:python_build: ('main', 'Dec 11 2024 16:19:12')
2025-02-27 16:58:22,073:INFO:machine: AMD64
2025-02-27 16:58:22,073:INFO:platform: Windows-10-10.0.26100-SP0
2025-02-27 16:58:22,080:INFO:Memory: svmem(total=8316399616, available=1455755264, percent=82.5, used=6860644352, free=1455755264)
2025-02-27 16:58:22,080:INFO:Physical Core: 6
2025-02-27 16:58:22,080:INFO:Logical Core: 12
2025-02-27 16:58:22,080:INFO:Checking libraries
2025-02-27 16:58:22,080:INFO:System:
2025-02-27 16:58:22,080:INFO:    python: 3.10.16 | packaged by Anaconda, Inc. | (main, Dec 11 2024, 16:19:12) [MSC v.1929 64 bit (AMD64)]
2025-02-27 16:58:22,080:INFO:executable: c:\Users\a.abasolo\AppData\Local\anaconda3\envs\proyecto_ml\python.exe
2025-02-27 16:58:22,080:INFO:   machine: Windows-10-10.0.26100-SP0
2025-02-27 16:58:22,080:INFO:PyCaret required dependencies:
2025-02-27 16:58:22,081:INFO:                 pip: 25.0
2025-02-27 16:58:22,081:INFO:          setuptools: 75.8.0
2025-02-27 16:58:22,081:INFO:             pycaret: 3.3.2
2025-02-27 16:58:22,081:INFO:             IPython: 8.32.0
2025-02-27 16:58:22,081:INFO:          ipywidgets: 8.1.5
2025-02-27 16:58:22,081:INFO:                tqdm: 4.67.1
2025-02-27 16:58:22,081:INFO:               numpy: 1.26.4
2025-02-27 16:58:22,081:INFO:              pandas: 2.1.4
2025-02-27 16:58:22,081:INFO:              jinja2: 3.1.5
2025-02-27 16:58:22,081:INFO:               scipy: 1.11.4
2025-02-27 16:58:22,081:INFO:              joblib: 1.3.2
2025-02-27 16:58:22,081:INFO:             sklearn: 1.4.2
2025-02-27 16:58:22,081:INFO:                pyod: 2.0.3
2025-02-27 16:58:22,081:INFO:            imblearn: 0.13.0
2025-02-27 16:58:22,081:INFO:   category_encoders: 2.7.0
2025-02-27 16:58:22,081:INFO:            lightgbm: 4.6.0
2025-02-27 16:58:22,082:INFO:               numba: 0.61.0
2025-02-27 16:58:22,082:INFO:            requests: 2.32.3
2025-02-27 16:58:22,082:INFO:          matplotlib: 3.7.5
2025-02-27 16:58:22,082:INFO:          scikitplot: 0.3.7
2025-02-27 16:58:22,082:INFO:         yellowbrick: 1.5
2025-02-27 16:58:22,082:INFO:              plotly: 5.24.1
2025-02-27 16:58:22,082:INFO:    plotly-resampler: Not installed
2025-02-27 16:58:22,082:INFO:             kaleido: 0.2.1
2025-02-27 16:58:22,082:INFO:           schemdraw: 0.15
2025-02-27 16:58:22,082:INFO:         statsmodels: 0.14.4
2025-02-27 16:58:22,082:INFO:              sktime: 0.26.0
2025-02-27 16:58:22,082:INFO:               tbats: 1.1.3
2025-02-27 16:58:22,082:INFO:            pmdarima: 2.0.4
2025-02-27 16:58:22,082:INFO:              psutil: 7.0.0
2025-02-27 16:58:22,082:INFO:          markupsafe: 2.1.5
2025-02-27 16:58:22,082:INFO:             pickle5: Not installed
2025-02-27 16:58:22,082:INFO:         cloudpickle: 3.1.1
2025-02-27 16:58:22,082:INFO:         deprecation: 2.1.0
2025-02-27 16:58:22,082:INFO:              xxhash: 3.5.0
2025-02-27 16:58:22,082:INFO:           wurlitzer: Not installed
2025-02-27 16:58:22,082:INFO:PyCaret optional dependencies:
2025-02-27 16:58:22,083:INFO:                shap: 0.44.1
2025-02-27 16:58:22,083:INFO:           interpret: 0.6.9
2025-02-27 16:58:22,083:INFO:                umap: 0.5.7
2025-02-27 16:58:22,083:INFO:     ydata_profiling: 4.12.2
2025-02-27 16:58:22,083:INFO:  explainerdashboard: 0.4.8
2025-02-27 16:58:22,083:INFO:             autoviz: Not installed
2025-02-27 16:58:22,083:INFO:           fairlearn: 0.7.0
2025-02-27 16:58:22,083:INFO:          deepchecks: Not installed
2025-02-27 16:58:22,083:INFO:             xgboost: 2.1.4
2025-02-27 16:58:22,083:INFO:            catboost: 1.2.7
2025-02-27 16:58:22,083:INFO:              kmodes: 0.12.2
2025-02-27 16:58:22,083:INFO:             mlxtend: 0.23.4
2025-02-27 16:58:22,083:INFO:       statsforecast: 1.5.0
2025-02-27 16:58:22,083:INFO:        tune_sklearn: Not installed
2025-02-27 16:58:22,083:INFO:                 ray: Not installed
2025-02-27 16:58:22,083:INFO:            hyperopt: 0.2.7
2025-02-27 16:58:22,083:INFO:              optuna: 4.2.1
2025-02-27 16:58:22,083:INFO:               skopt: 0.10.2
2025-02-27 16:58:22,083:INFO:              mlflow: 2.20.3
2025-02-27 16:58:22,084:INFO:              gradio: 5.19.0
2025-02-27 16:58:22,084:INFO:             fastapi: 0.115.8
2025-02-27 16:58:22,084:INFO:             uvicorn: 0.34.0
2025-02-27 16:58:22,084:INFO:              m2cgen: 0.10.0
2025-02-27 16:58:22,084:INFO:           evidently: 0.4.40
2025-02-27 16:58:22,084:INFO:               fugue: 0.8.7
2025-02-27 16:58:22,084:INFO:           streamlit: 1.42.2
2025-02-27 16:58:22,084:INFO:             prophet: 1.1.6
2025-02-27 16:58:22,084:INFO:None
2025-02-27 16:58:22,084:INFO:Set up data.
2025-02-27 16:58:23,064:INFO:Set up folding strategy.
2025-02-27 16:58:23,064:INFO:Set up train/test split.
2025-02-27 16:58:23,345:INFO:Set up index.
2025-02-27 16:58:23,377:INFO:Assigning column types.
2025-02-27 16:58:23,459:INFO:Engine successfully changes for model 'lr' to 'sklearn'.
2025-02-27 16:58:23,459:INFO:Engine for model 'lasso' has not been set explicitly, hence returning None.
2025-02-27 16:58:23,465:INFO:Engine for model 'ridge' has not been set explicitly, hence returning None.
2025-02-27 16:58:23,469:INFO:Engine for model 'en' has not been set explicitly, hence returning None.
2025-02-27 16:58:23,743:INFO:Engine for model 'svm' has not been set explicitly, hence returning None.
2025-02-27 16:58:23,783:INFO:Engine for model 'knn' has not been set explicitly, hence returning None.
2025-02-27 16:58:23,784:INFO:Soft dependency imported: xgboost: 2.1.4
2025-02-27 16:58:23,787:INFO:Soft dependency imported: catboost: 1.2.7
2025-02-27 16:58:23,788:INFO:Engine for model 'lasso' has not been set explicitly, hence returning None.
2025-02-27 16:58:23,792:INFO:Engine for model 'ridge' has not been set explicitly, hence returning None.
2025-02-27 16:58:23,797:INFO:Engine for model 'en' has not been set explicitly, hence returning None.
2025-02-27 16:58:23,989:INFO:Engine for model 'svm' has not been set explicitly, hence returning None.
2025-02-27 16:58:24,028:INFO:Engine for model 'knn' has not been set explicitly, hence returning None.
2025-02-27 16:58:24,028:INFO:Soft dependency imported: xgboost: 2.1.4
2025-02-27 16:58:24,030:INFO:Soft dependency imported: catboost: 1.2.7
2025-02-27 16:58:24,031:INFO:Engine successfully changes for model 'lasso' to 'sklearn'.
2025-02-27 16:58:24,034:INFO:Engine for model 'ridge' has not been set explicitly, hence returning None.
2025-02-27 16:58:24,038:INFO:Engine for model 'en' has not been set explicitly, hence returning None.
2025-02-27 16:58:24,238:INFO:Engine for model 'svm' has not been set explicitly, hence returning None.
2025-02-27 16:58:24,277:INFO:Engine for model 'knn' has not been set explicitly, hence returning None.
2025-02-27 16:58:24,277:INFO:Soft dependency imported: xgboost: 2.1.4
2025-02-27 16:58:24,277:INFO:Soft dependency imported: catboost: 1.2.7
2025-02-27 16:58:24,288:INFO:Engine for model 'ridge' has not been set explicitly, hence returning None.
2025-02-27 16:58:24,288:INFO:Engine for model 'en' has not been set explicitly, hence returning None.
2025-02-27 16:58:24,478:INFO:Engine for model 'svm' has not been set explicitly, hence returning None.
2025-02-27 16:58:24,510:INFO:Engine for model 'knn' has not been set explicitly, hence returning None.
2025-02-27 16:58:24,510:INFO:Soft dependency imported: xgboost: 2.1.4
2025-02-27 16:58:24,526:INFO:Soft dependency imported: catboost: 1.2.7
2025-02-27 16:58:24,526:INFO:Engine successfully changes for model 'ridge' to 'sklearn'.
2025-02-27 16:58:24,526:INFO:Engine for model 'en' has not been set explicitly, hence returning None.
2025-02-27 16:58:24,712:INFO:Engine for model 'svm' has not been set explicitly, hence returning None.
2025-02-27 16:58:24,744:INFO:Engine for model 'knn' has not been set explicitly, hence returning None.
2025-02-27 16:58:24,744:INFO:Soft dependency imported: xgboost: 2.1.4
2025-02-27 16:58:24,760:INFO:Soft dependency imported: catboost: 1.2.7
2025-02-27 16:58:24,770:INFO:Engine for model 'en' has not been set explicitly, hence returning None.
2025-02-27 16:58:24,968:INFO:Engine for model 'svm' has not been set explicitly, hence returning None.
2025-02-27 16:58:25,004:INFO:Engine for model 'knn' has not been set explicitly, hence returning None.
2025-02-27 16:58:25,004:INFO:Soft dependency imported: xgboost: 2.1.4
2025-02-27 16:58:25,004:INFO:Soft dependency imported: catboost: 1.2.7
2025-02-27 16:58:25,004:INFO:Engine successfully changes for model 'en' to 'sklearn'.
2025-02-27 16:58:25,217:INFO:Engine for model 'svm' has not been set explicitly, hence returning None.
2025-02-27 16:58:25,257:INFO:Engine for model 'knn' has not been set explicitly, hence returning None.
2025-02-27 16:58:25,257:INFO:Soft dependency imported: xgboost: 2.1.4
2025-02-27 16:58:25,257:INFO:Soft dependency imported: catboost: 1.2.7
2025-02-27 16:58:25,498:INFO:Engine for model 'svm' has not been set explicitly, hence returning None.
2025-02-27 16:58:25,538:INFO:Engine for model 'knn' has not been set explicitly, hence returning None.
2025-02-27 16:58:25,538:INFO:Soft dependency imported: xgboost: 2.1.4
2025-02-27 16:58:25,538:INFO:Soft dependency imported: catboost: 1.2.7
2025-02-27 16:58:25,538:INFO:Engine successfully changes for model 'knn' to 'sklearn'.
2025-02-27 16:58:25,768:INFO:Engine for model 'svm' has not been set explicitly, hence returning None.
2025-02-27 16:58:25,809:INFO:Soft dependency imported: xgboost: 2.1.4
2025-02-27 16:58:25,809:INFO:Soft dependency imported: catboost: 1.2.7
2025-02-27 16:58:26,058:INFO:Engine for model 'svm' has not been set explicitly, hence returning None.
2025-02-27 16:58:26,100:INFO:Soft dependency imported: xgboost: 2.1.4
2025-02-27 16:58:26,101:INFO:Soft dependency imported: catboost: 1.2.7
2025-02-27 16:58:26,101:INFO:Engine successfully changes for model 'svm' to 'sklearn'.
2025-02-27 16:58:26,327:INFO:Soft dependency imported: xgboost: 2.1.4
2025-02-27 16:58:26,327:INFO:Soft dependency imported: catboost: 1.2.7
2025-02-27 16:58:26,567:INFO:Soft dependency imported: xgboost: 2.1.4
2025-02-27 16:58:26,567:INFO:Soft dependency imported: catboost: 1.2.7
2025-02-27 16:58:26,567:INFO:Preparing preprocessing pipeline...
2025-02-27 16:58:26,567:INFO:Set up simple imputation.
2025-02-27 16:58:26,657:INFO:Set up encoding of categorical features.
2025-02-27 16:58:26,670:INFO:Set up column name cleaning.
2025-02-27 16:59:23,561:INFO:PyCaret RegressionExperiment
2025-02-27 16:59:23,561:INFO:Logging name: reg-default-name
2025-02-27 16:59:23,561:INFO:ML Usecase: MLUsecase.REGRESSION
2025-02-27 16:59:23,561:INFO:version 3.3.2
2025-02-27 16:59:23,561:INFO:Initializing setup()
2025-02-27 16:59:23,561:INFO:self.USI: 7871
2025-02-27 16:59:23,561:INFO:self._variable_keys: {'transform_target_param', 'USI', 'target_param', 'fold_shuffle_param', 'n_jobs_param', 'X_train', 'seed', 'idx', 'fold_groups_param', 'memory', 'logging_param', '_ml_usecase', 'html_param', 'gpu_param', 'fold_generator', 'gpu_n_jobs_param', 'y_test', 'X_test', 'exp_id', 'log_plots_param', 'y', '_available_plots', 'y_train', 'X', 'data', 'pipeline', 'exp_name_log'}
2025-02-27 16:59:23,561:INFO:Checking environment
2025-02-27 16:59:23,561:INFO:python_version: 3.10.16
2025-02-27 16:59:23,561:INFO:python_build: ('main', 'Dec 11 2024 16:19:12')
2025-02-27 16:59:23,561:INFO:machine: AMD64
2025-02-27 16:59:23,561:INFO:platform: Windows-10-10.0.26100-SP0
2025-02-27 16:59:23,570:INFO:Memory: svmem(total=8316399616, available=1012236288, percent=87.8, used=7304163328, free=1012236288)
2025-02-27 16:59:23,570:INFO:Physical Core: 6
2025-02-27 16:59:23,570:INFO:Logical Core: 12
2025-02-27 16:59:23,570:INFO:Checking libraries
2025-02-27 16:59:23,570:INFO:System:
2025-02-27 16:59:23,570:INFO:    python: 3.10.16 | packaged by Anaconda, Inc. | (main, Dec 11 2024, 16:19:12) [MSC v.1929 64 bit (AMD64)]
2025-02-27 16:59:23,570:INFO:executable: c:\Users\a.abasolo\AppData\Local\anaconda3\envs\proyecto_ml\python.exe
2025-02-27 16:59:23,570:INFO:   machine: Windows-10-10.0.26100-SP0
2025-02-27 16:59:23,570:INFO:PyCaret required dependencies:
2025-02-27 16:59:23,570:INFO:                 pip: 25.0
2025-02-27 16:59:23,570:INFO:          setuptools: 75.8.0
2025-02-27 16:59:23,570:INFO:             pycaret: 3.3.2
2025-02-27 16:59:23,570:INFO:             IPython: 8.32.0
2025-02-27 16:59:23,570:INFO:          ipywidgets: 8.1.5
2025-02-27 16:59:23,570:INFO:                tqdm: 4.67.1
2025-02-27 16:59:23,570:INFO:               numpy: 1.26.4
2025-02-27 16:59:23,570:INFO:              pandas: 2.1.4
2025-02-27 16:59:23,570:INFO:              jinja2: 3.1.5
2025-02-27 16:59:23,570:INFO:               scipy: 1.11.4
2025-02-27 16:59:23,570:INFO:              joblib: 1.3.2
2025-02-27 16:59:23,570:INFO:             sklearn: 1.4.2
2025-02-27 16:59:23,570:INFO:                pyod: 2.0.3
2025-02-27 16:59:23,570:INFO:            imblearn: 0.13.0
2025-02-27 16:59:23,570:INFO:   category_encoders: 2.7.0
2025-02-27 16:59:23,570:INFO:            lightgbm: 4.6.0
2025-02-27 16:59:23,570:INFO:               numba: 0.61.0
2025-02-27 16:59:23,570:INFO:            requests: 2.32.3
2025-02-27 16:59:23,570:INFO:          matplotlib: 3.7.5
2025-02-27 16:59:23,570:INFO:          scikitplot: 0.3.7
2025-02-27 16:59:23,570:INFO:         yellowbrick: 1.5
2025-02-27 16:59:23,570:INFO:              plotly: 5.24.1
2025-02-27 16:59:23,570:INFO:    plotly-resampler: Not installed
2025-02-27 16:59:23,570:INFO:             kaleido: 0.2.1
2025-02-27 16:59:23,570:INFO:           schemdraw: 0.15
2025-02-27 16:59:23,570:INFO:         statsmodels: 0.14.4
2025-02-27 16:59:23,570:INFO:              sktime: 0.26.0
2025-02-27 16:59:23,570:INFO:               tbats: 1.1.3
2025-02-27 16:59:23,570:INFO:            pmdarima: 2.0.4
2025-02-27 16:59:23,570:INFO:              psutil: 7.0.0
2025-02-27 16:59:23,570:INFO:          markupsafe: 2.1.5
2025-02-27 16:59:23,570:INFO:             pickle5: Not installed
2025-02-27 16:59:23,570:INFO:         cloudpickle: 3.1.1
2025-02-27 16:59:23,570:INFO:         deprecation: 2.1.0
2025-02-27 16:59:23,570:INFO:              xxhash: 3.5.0
2025-02-27 16:59:23,570:INFO:           wurlitzer: Not installed
2025-02-27 16:59:23,570:INFO:PyCaret optional dependencies:
2025-02-27 16:59:23,570:INFO:                shap: 0.44.1
2025-02-27 16:59:23,570:INFO:           interpret: 0.6.9
2025-02-27 16:59:23,570:INFO:                umap: 0.5.7
2025-02-27 16:59:23,570:INFO:     ydata_profiling: 4.12.2
2025-02-27 16:59:23,570:INFO:  explainerdashboard: 0.4.8
2025-02-27 16:59:23,570:INFO:             autoviz: Not installed
2025-02-27 16:59:23,570:INFO:           fairlearn: 0.7.0
2025-02-27 16:59:23,570:INFO:          deepchecks: Not installed
2025-02-27 16:59:23,570:INFO:             xgboost: 2.1.4
2025-02-27 16:59:23,570:INFO:            catboost: 1.2.7
2025-02-27 16:59:23,570:INFO:              kmodes: 0.12.2
2025-02-27 16:59:23,570:INFO:             mlxtend: 0.23.4
2025-02-27 16:59:23,570:INFO:       statsforecast: 1.5.0
2025-02-27 16:59:23,570:INFO:        tune_sklearn: Not installed
2025-02-27 16:59:23,570:INFO:                 ray: Not installed
2025-02-27 16:59:23,570:INFO:            hyperopt: 0.2.7
2025-02-27 16:59:23,570:INFO:              optuna: 4.2.1
2025-02-27 16:59:23,570:INFO:               skopt: 0.10.2
2025-02-27 16:59:23,570:INFO:              mlflow: 2.20.3
2025-02-27 16:59:23,570:INFO:              gradio: 5.19.0
2025-02-27 16:59:23,570:INFO:             fastapi: 0.115.8
2025-02-27 16:59:23,570:INFO:             uvicorn: 0.34.0
2025-02-27 16:59:23,570:INFO:              m2cgen: 0.10.0
2025-02-27 16:59:23,570:INFO:           evidently: 0.4.40
2025-02-27 16:59:23,570:INFO:               fugue: 0.8.7
2025-02-27 16:59:23,570:INFO:           streamlit: 1.42.2
2025-02-27 16:59:23,570:INFO:             prophet: 1.1.6
2025-02-27 16:59:23,570:INFO:None
2025-02-27 16:59:23,570:INFO:Set up data.
2025-02-27 16:59:24,418:INFO:Set up folding strategy.
2025-02-27 16:59:24,418:INFO:Set up train/test split.
2025-02-27 16:59:24,816:INFO:Set up index.
2025-02-27 16:59:24,844:INFO:Assigning column types.
2025-02-27 16:59:24,907:INFO:Engine successfully changes for model 'lr' to 'sklearn'.
2025-02-27 16:59:25,176:INFO:Soft dependency imported: xgboost: 2.1.4
2025-02-27 16:59:25,176:INFO:Soft dependency imported: catboost: 1.2.7
2025-02-27 16:59:25,478:INFO:Soft dependency imported: xgboost: 2.1.4
2025-02-27 16:59:25,479:INFO:Soft dependency imported: catboost: 1.2.7
2025-02-27 16:59:25,481:INFO:Engine successfully changes for model 'lasso' to 'sklearn'.
2025-02-27 16:59:25,791:INFO:Soft dependency imported: xgboost: 2.1.4
2025-02-27 16:59:25,793:INFO:Soft dependency imported: catboost: 1.2.7
2025-02-27 16:59:26,039:INFO:Soft dependency imported: xgboost: 2.1.4
2025-02-27 16:59:26,042:INFO:Soft dependency imported: catboost: 1.2.7
2025-02-27 16:59:26,042:INFO:Engine successfully changes for model 'ridge' to 'sklearn'.
2025-02-27 16:59:26,370:INFO:Soft dependency imported: xgboost: 2.1.4
2025-02-27 16:59:26,373:INFO:Soft dependency imported: catboost: 1.2.7
2025-02-27 16:59:26,681:INFO:Soft dependency imported: xgboost: 2.1.4
2025-02-27 16:59:26,681:INFO:Soft dependency imported: catboost: 1.2.7
2025-02-27 16:59:26,690:INFO:Engine successfully changes for model 'en' to 'sklearn'.
2025-02-27 16:59:26,976:INFO:Soft dependency imported: xgboost: 2.1.4
2025-02-27 16:59:26,980:INFO:Soft dependency imported: catboost: 1.2.7
2025-02-27 16:59:27,402:INFO:Soft dependency imported: xgboost: 2.1.4
2025-02-27 16:59:27,404:INFO:Soft dependency imported: catboost: 1.2.7
2025-02-27 16:59:27,405:INFO:Engine successfully changes for model 'knn' to 'sklearn'.
2025-02-27 16:59:27,705:INFO:Soft dependency imported: xgboost: 2.1.4
2025-02-27 16:59:27,707:INFO:Soft dependency imported: catboost: 1.2.7
2025-02-27 16:59:28,002:INFO:Soft dependency imported: xgboost: 2.1.4
2025-02-27 16:59:28,004:INFO:Soft dependency imported: catboost: 1.2.7
2025-02-27 16:59:28,005:INFO:Engine successfully changes for model 'svm' to 'sklearn'.
2025-02-27 16:59:28,354:INFO:Soft dependency imported: xgboost: 2.1.4
2025-02-27 16:59:28,358:INFO:Soft dependency imported: catboost: 1.2.7
2025-02-27 16:59:28,656:INFO:Soft dependency imported: xgboost: 2.1.4
2025-02-27 16:59:28,658:INFO:Soft dependency imported: catboost: 1.2.7
2025-02-27 16:59:28,658:INFO:Preparing preprocessing pipeline...
2025-02-27 16:59:28,658:INFO:Set up simple imputation.
2025-02-27 16:59:28,770:INFO:Set up encoding of categorical features.
2025-02-27 16:59:28,789:INFO:Set up column name cleaning.
2025-02-27 17:02:10,013:INFO:PyCaret RegressionExperiment
2025-02-27 17:02:10,013:INFO:Logging name: reg-default-name
2025-02-27 17:02:10,013:INFO:ML Usecase: MLUsecase.REGRESSION
2025-02-27 17:02:10,013:INFO:version 3.3.2
2025-02-27 17:02:10,013:INFO:Initializing setup()
2025-02-27 17:02:10,013:INFO:self.USI: 59d0
2025-02-27 17:02:10,013:INFO:self._variable_keys: {'transform_target_param', 'USI', 'target_param', 'fold_shuffle_param', 'n_jobs_param', 'X_train', 'seed', 'idx', 'fold_groups_param', 'memory', 'logging_param', '_ml_usecase', 'html_param', 'gpu_param', 'fold_generator', 'gpu_n_jobs_param', 'y_test', 'X_test', 'exp_id', 'log_plots_param', 'y', '_available_plots', 'y_train', 'X', 'data', 'pipeline', 'exp_name_log'}
2025-02-27 17:02:10,013:INFO:Checking environment
2025-02-27 17:02:10,013:INFO:python_version: 3.10.16
2025-02-27 17:02:10,013:INFO:python_build: ('main', 'Dec 11 2024 16:19:12')
2025-02-27 17:02:10,013:INFO:machine: AMD64
2025-02-27 17:02:10,013:INFO:platform: Windows-10-10.0.26100-SP0
2025-02-27 17:02:10,020:INFO:Memory: svmem(total=8316399616, available=576802816, percent=93.1, used=7739596800, free=576802816)
2025-02-27 17:02:10,020:INFO:Physical Core: 6
2025-02-27 17:02:10,020:INFO:Logical Core: 12
2025-02-27 17:02:10,020:INFO:Checking libraries
2025-02-27 17:02:10,020:INFO:System:
2025-02-27 17:02:10,021:INFO:    python: 3.10.16 | packaged by Anaconda, Inc. | (main, Dec 11 2024, 16:19:12) [MSC v.1929 64 bit (AMD64)]
2025-02-27 17:02:10,021:INFO:executable: c:\Users\a.abasolo\AppData\Local\anaconda3\envs\proyecto_ml\python.exe
2025-02-27 17:02:10,021:INFO:   machine: Windows-10-10.0.26100-SP0
2025-02-27 17:02:10,021:INFO:PyCaret required dependencies:
2025-02-27 17:02:10,021:INFO:                 pip: 25.0
2025-02-27 17:02:10,021:INFO:          setuptools: 75.8.0
2025-02-27 17:02:10,021:INFO:             pycaret: 3.3.2
2025-02-27 17:02:10,021:INFO:             IPython: 8.32.0
2025-02-27 17:02:10,021:INFO:          ipywidgets: 8.1.5
2025-02-27 17:02:10,021:INFO:                tqdm: 4.67.1
2025-02-27 17:02:10,021:INFO:               numpy: 1.26.4
2025-02-27 17:02:10,021:INFO:              pandas: 2.1.4
2025-02-27 17:02:10,021:INFO:              jinja2: 3.1.5
2025-02-27 17:02:10,021:INFO:               scipy: 1.11.4
2025-02-27 17:02:10,021:INFO:              joblib: 1.3.2
2025-02-27 17:02:10,021:INFO:             sklearn: 1.4.2
2025-02-27 17:02:10,022:INFO:                pyod: 2.0.3
2025-02-27 17:02:10,022:INFO:            imblearn: 0.13.0
2025-02-27 17:02:10,022:INFO:   category_encoders: 2.7.0
2025-02-27 17:02:10,022:INFO:            lightgbm: 4.6.0
2025-02-27 17:02:10,022:INFO:               numba: 0.61.0
2025-02-27 17:02:10,022:INFO:            requests: 2.32.3
2025-02-27 17:02:10,022:INFO:          matplotlib: 3.7.5
2025-02-27 17:02:10,022:INFO:          scikitplot: 0.3.7
2025-02-27 17:02:10,022:INFO:         yellowbrick: 1.5
2025-02-27 17:02:10,022:INFO:              plotly: 5.24.1
2025-02-27 17:02:10,022:INFO:    plotly-resampler: Not installed
2025-02-27 17:02:10,022:INFO:             kaleido: 0.2.1
2025-02-27 17:02:10,022:INFO:           schemdraw: 0.15
2025-02-27 17:02:10,022:INFO:         statsmodels: 0.14.4
2025-02-27 17:02:10,022:INFO:              sktime: 0.26.0
2025-02-27 17:02:10,022:INFO:               tbats: 1.1.3
2025-02-27 17:02:10,022:INFO:            pmdarima: 2.0.4
2025-02-27 17:02:10,022:INFO:              psutil: 7.0.0
2025-02-27 17:02:10,022:INFO:          markupsafe: 2.1.5
2025-02-27 17:02:10,022:INFO:             pickle5: Not installed
2025-02-27 17:02:10,022:INFO:         cloudpickle: 3.1.1
2025-02-27 17:02:10,022:INFO:         deprecation: 2.1.0
2025-02-27 17:02:10,023:INFO:              xxhash: 3.5.0
2025-02-27 17:02:10,023:INFO:           wurlitzer: Not installed
2025-02-27 17:02:10,023:INFO:PyCaret optional dependencies:
2025-02-27 17:02:10,023:INFO:                shap: 0.44.1
2025-02-27 17:02:10,023:INFO:           interpret: 0.6.9
2025-02-27 17:02:10,023:INFO:                umap: 0.5.7
2025-02-27 17:02:10,023:INFO:     ydata_profiling: 4.12.2
2025-02-27 17:02:10,023:INFO:  explainerdashboard: 0.4.8
2025-02-27 17:02:10,023:INFO:             autoviz: Not installed
2025-02-27 17:02:10,023:INFO:           fairlearn: 0.7.0
2025-02-27 17:02:10,023:INFO:          deepchecks: Not installed
2025-02-27 17:02:10,023:INFO:             xgboost: 2.1.4
2025-02-27 17:02:10,023:INFO:            catboost: 1.2.7
2025-02-27 17:02:10,023:INFO:              kmodes: 0.12.2
2025-02-27 17:02:10,023:INFO:             mlxtend: 0.23.4
2025-02-27 17:02:10,023:INFO:       statsforecast: 1.5.0
2025-02-27 17:02:10,023:INFO:        tune_sklearn: Not installed
2025-02-27 17:02:10,023:INFO:                 ray: Not installed
2025-02-27 17:02:10,023:INFO:            hyperopt: 0.2.7
2025-02-27 17:02:10,023:INFO:              optuna: 4.2.1
2025-02-27 17:02:10,024:INFO:               skopt: 0.10.2
2025-02-27 17:02:10,024:INFO:              mlflow: 2.20.3
2025-02-27 17:02:10,024:INFO:              gradio: 5.19.0
2025-02-27 17:02:10,024:INFO:             fastapi: 0.115.8
2025-02-27 17:02:10,024:INFO:             uvicorn: 0.34.0
2025-02-27 17:02:10,024:INFO:              m2cgen: 0.10.0
2025-02-27 17:02:10,024:INFO:           evidently: 0.4.40
2025-02-27 17:02:10,024:INFO:               fugue: 0.8.7
2025-02-27 17:02:10,024:INFO:           streamlit: 1.42.2
2025-02-27 17:02:10,024:INFO:             prophet: 1.1.6
2025-02-27 17:02:10,024:INFO:None
2025-02-27 17:02:10,024:INFO:Set up data.
2025-02-27 17:02:10,170:INFO:Set up folding strategy.
2025-02-27 17:02:10,170:INFO:Set up train/test split.
2025-02-27 17:02:10,291:INFO:Set up index.
2025-02-27 17:02:10,313:INFO:Assigning column types.
2025-02-27 17:02:10,391:INFO:Engine successfully changes for model 'lr' to 'sklearn'.
2025-02-27 17:02:10,392:INFO:Engine for model 'lasso' has not been set explicitly, hence returning None.
2025-02-27 17:02:10,396:INFO:Engine for model 'ridge' has not been set explicitly, hence returning None.
2025-02-27 17:02:10,400:INFO:Engine for model 'en' has not been set explicitly, hence returning None.
2025-02-27 17:02:10,597:INFO:Engine for model 'svm' has not been set explicitly, hence returning None.
2025-02-27 17:02:10,637:INFO:Engine for model 'knn' has not been set explicitly, hence returning None.
2025-02-27 17:02:10,637:INFO:Soft dependency imported: xgboost: 2.1.4
2025-02-27 17:02:10,637:INFO:Soft dependency imported: catboost: 1.2.7
2025-02-27 17:02:10,637:INFO:Engine for model 'lasso' has not been set explicitly, hence returning None.
2025-02-27 17:02:10,637:INFO:Engine for model 'ridge' has not been set explicitly, hence returning None.
2025-02-27 17:02:10,647:INFO:Engine for model 'en' has not been set explicitly, hence returning None.
2025-02-27 17:02:10,857:INFO:Engine for model 'svm' has not been set explicitly, hence returning None.
2025-02-27 17:02:10,893:INFO:Engine for model 'knn' has not been set explicitly, hence returning None.
2025-02-27 17:02:10,894:INFO:Soft dependency imported: xgboost: 2.1.4
2025-02-27 17:02:10,896:INFO:Soft dependency imported: catboost: 1.2.7
2025-02-27 17:02:10,898:INFO:Engine successfully changes for model 'lasso' to 'sklearn'.
2025-02-27 17:02:10,901:INFO:Engine for model 'ridge' has not been set explicitly, hence returning None.
2025-02-27 17:02:10,905:INFO:Engine for model 'en' has not been set explicitly, hence returning None.
2025-02-27 17:02:11,116:INFO:Engine for model 'svm' has not been set explicitly, hence returning None.
2025-02-27 17:02:11,148:INFO:Engine for model 'knn' has not been set explicitly, hence returning None.
2025-02-27 17:02:11,148:INFO:Soft dependency imported: xgboost: 2.1.4
2025-02-27 17:02:11,164:INFO:Soft dependency imported: catboost: 1.2.7
2025-02-27 17:02:11,164:INFO:Engine for model 'ridge' has not been set explicitly, hence returning None.
2025-02-27 17:02:11,164:INFO:Engine for model 'en' has not been set explicitly, hence returning None.
2025-02-27 17:02:11,373:INFO:Engine for model 'svm' has not been set explicitly, hence returning None.
2025-02-27 17:02:11,421:INFO:Engine for model 'knn' has not been set explicitly, hence returning None.
2025-02-27 17:02:11,421:INFO:Soft dependency imported: xgboost: 2.1.4
2025-02-27 17:02:11,428:INFO:Soft dependency imported: catboost: 1.2.7
2025-02-27 17:02:11,429:INFO:Engine successfully changes for model 'ridge' to 'sklearn'.
2025-02-27 17:02:11,429:INFO:Engine for model 'en' has not been set explicitly, hence returning None.
2025-02-27 17:02:11,639:INFO:Engine for model 'svm' has not been set explicitly, hence returning None.
2025-02-27 17:02:11,671:INFO:Engine for model 'knn' has not been set explicitly, hence returning None.
2025-02-27 17:02:11,671:INFO:Soft dependency imported: xgboost: 2.1.4
2025-02-27 17:02:11,671:INFO:Soft dependency imported: catboost: 1.2.7
2025-02-27 17:02:11,686:INFO:Engine for model 'en' has not been set explicitly, hence returning None.
2025-02-27 17:02:11,886:INFO:Engine for model 'svm' has not been set explicitly, hence returning None.
2025-02-27 17:02:11,918:INFO:Engine for model 'knn' has not been set explicitly, hence returning None.
2025-02-27 17:02:11,918:INFO:Soft dependency imported: xgboost: 2.1.4
2025-02-27 17:02:11,934:INFO:Soft dependency imported: catboost: 1.2.7
2025-02-27 17:02:11,934:INFO:Engine successfully changes for model 'en' to 'sklearn'.
2025-02-27 17:02:12,149:INFO:Engine for model 'svm' has not been set explicitly, hence returning None.
2025-02-27 17:02:12,183:INFO:Engine for model 'knn' has not been set explicitly, hence returning None.
2025-02-27 17:02:12,183:INFO:Soft dependency imported: xgboost: 2.1.4
2025-02-27 17:02:12,183:INFO:Soft dependency imported: catboost: 1.2.7
2025-02-27 17:02:12,446:INFO:Engine for model 'svm' has not been set explicitly, hence returning None.
2025-02-27 17:02:12,484:INFO:Engine for model 'knn' has not been set explicitly, hence returning None.
2025-02-27 17:02:12,485:INFO:Soft dependency imported: xgboost: 2.1.4
2025-02-27 17:02:12,487:INFO:Soft dependency imported: catboost: 1.2.7
2025-02-27 17:02:12,489:INFO:Engine successfully changes for model 'knn' to 'sklearn'.
2025-02-27 17:02:12,765:INFO:Engine for model 'svm' has not been set explicitly, hence returning None.
2025-02-27 17:02:12,787:INFO:Soft dependency imported: xgboost: 2.1.4
2025-02-27 17:02:12,802:INFO:Soft dependency imported: catboost: 1.2.7
2025-02-27 17:02:13,064:INFO:Engine for model 'svm' has not been set explicitly, hence returning None.
2025-02-27 17:02:13,109:INFO:Soft dependency imported: xgboost: 2.1.4
2025-02-27 17:02:13,119:INFO:Soft dependency imported: catboost: 1.2.7
2025-02-27 17:02:13,119:INFO:Engine successfully changes for model 'svm' to 'sklearn'.
2025-02-27 17:02:13,427:INFO:Soft dependency imported: xgboost: 2.1.4
2025-02-27 17:02:13,427:INFO:Soft dependency imported: catboost: 1.2.7
2025-02-27 17:02:13,800:INFO:Soft dependency imported: xgboost: 2.1.4
2025-02-27 17:02:13,800:INFO:Soft dependency imported: catboost: 1.2.7
2025-02-27 17:02:13,800:INFO:Preparing preprocessing pipeline...
2025-02-27 17:02:13,800:INFO:Set up simple imputation.
2025-02-27 17:02:13,930:INFO:Set up encoding of categorical features.
2025-02-27 17:02:13,946:INFO:Set up column name cleaning.
2025-02-27 17:02:18,105:INFO:Finished creating preprocessing pipeline.
2025-02-27 17:02:18,116:INFO:Pipeline: Pipeline(memory=FastMemory(location=C:\Users\ACE28~1.ABA\AppData\Local\Temp\joblib),
         steps=[('numerical_imputer',
                 TransformerWrapper(include=['UNIDADES_SERVIDAS', 'PESO', 'AO',
                                             'MES', 'DA', 'DA_DE_LA_SEMANA'],
                                    transformer=SimpleImputer())),
                ('categorical_imputer',
                 TransformerWrapper(include=['FAMILIA', 'ARTICULO'],
                                    transformer=SimpleImputer(strategy='most_frequent'))),
                ('rest_encoding',
                 TransformerWrapper(include=['FAMILIA', 'ARTICULO'],
                                    transformer=TargetEncoder(cols=['FAMILIA',
                                                                    'ARTICULO'],
                                                              handle_missing='return_nan'))),
                ('clean_column_names',
                 TransformerWrapper(transformer=CleanColumnNames()))])
2025-02-27 17:02:18,116:INFO:Creating final display dataframe.
2025-02-27 17:02:19,910:INFO:Setup _display_container:                     Description             Value
0                    Session id               100
1                        Target           IMPORTE
2                   Target type        Regression
3           Original data shape       (647506, 9)
4        Transformed data shape       (647506, 9)
5   Transformed train set shape       (582755, 9)
6    Transformed test set shape        (64751, 9)
7              Numeric features                 6
8          Categorical features                 2
9      Rows with missing values              0.3%
10                   Preprocess              True
11              Imputation type            simple
12           Numeric imputation              mean
13       Categorical imputation              mode
14     Maximum one-hot encoding                25
15              Encoding method              None
16               Fold Generator             KFold
17                  Fold Number                10
18                     CPU Jobs                -1
19                      Use GPU             False
20               Log Experiment             False
21              Experiment Name  reg-default-name
22                          USI              59d0
2025-02-27 17:02:20,244:INFO:Soft dependency imported: xgboost: 2.1.4
2025-02-27 17:02:20,260:INFO:Soft dependency imported: catboost: 1.2.7
2025-02-27 17:02:20,514:INFO:Soft dependency imported: xgboost: 2.1.4
2025-02-27 17:02:20,514:INFO:Soft dependency imported: catboost: 1.2.7
2025-02-27 17:02:20,514:INFO:setup() successfully completed in 10.51s...............
2025-02-27 17:02:51,781:INFO:Initializing compare_models()
2025-02-27 17:02:51,786:INFO:compare_models(self=<pycaret.regression.oop.RegressionExperiment object at 0x0000027446DFFBE0>, include=None, fold=None, round=4, cross_validation=True, sort=R2, n_select=1, budget_time=None, turbo=True, errors=ignore, fit_kwargs=None, groups=None, experiment_custom_tags=None, probability_threshold=None, verbose=True, parallel=None, caller_params={'self': <pycaret.regression.oop.RegressionExperiment object at 0x0000027446DFFBE0>, 'include': None, 'exclude': None, 'fold': None, 'round': 4, 'cross_validation': True, 'sort': 'R2', 'n_select': 1, 'budget_time': None, 'turbo': True, 'errors': 'ignore', 'fit_kwargs': None, 'groups': None, 'experiment_custom_tags': None, 'engine': None, 'verbose': True, 'parallel': None, '__class__': <class 'pycaret.regression.oop.RegressionExperiment'>}, exclude=None)
2025-02-27 17:02:51,786:INFO:Checking exceptions
2025-02-27 17:02:51,886:INFO:Preparing display monitor
2025-02-27 17:02:51,942:INFO:Initializing Linear Regression
2025-02-27 17:02:51,942:INFO:Total runtime is 0.0 minutes
2025-02-27 17:02:51,946:INFO:SubProcess create_model() called ==================================
2025-02-27 17:02:51,950:INFO:Initializing create_model()
2025-02-27 17:02:51,950:INFO:create_model(self=<pycaret.regression.oop.RegressionExperiment object at 0x0000027446DFFBE0>, estimator=lr, fold=KFold(n_splits=10, random_state=None, shuffle=False), round=4, cross_validation=True, predict=True, fit_kwargs={}, groups=None, refit=False, probability_threshold=None, experiment_custom_tags=None, verbose=False, system=False, add_to_model_list=True, metrics=None, display=<pycaret.internal.display.display.CommonDisplay object at 0x0000027420278CD0>, model_only=True, return_train_score=False, error_score=0.0, kwargs={})
2025-02-27 17:02:51,950:INFO:Checking exceptions
2025-02-27 17:02:51,950:INFO:Importing libraries
2025-02-27 17:02:51,950:INFO:Copying training dataset
2025-02-27 17:02:52,349:INFO:Defining folds
2025-02-27 17:02:52,349:INFO:Declaring metric variables
2025-02-27 17:02:52,357:INFO:Importing untrained model
2025-02-27 17:02:52,358:INFO:Linear Regression Imported successfully
2025-02-27 17:02:52,370:INFO:Starting cross validation
2025-02-27 17:02:52,398:INFO:Cross validating with KFold(n_splits=10, random_state=None, shuffle=False), n_jobs=-1
2025-02-27 17:03:20,061:INFO:Calculating mean and std
2025-02-27 17:03:20,091:INFO:Creating metrics dataframe
2025-02-27 17:03:20,116:INFO:Uploading results into container
2025-02-27 17:03:20,121:INFO:Uploading model into container now
2025-02-27 17:03:20,123:INFO:_master_model_container: 1
2025-02-27 17:03:20,123:INFO:_display_container: 2
2025-02-27 17:03:20,123:INFO:LinearRegression(n_jobs=-1)
2025-02-27 17:03:20,123:INFO:create_model() successfully completed......................................
2025-02-27 17:03:22,291:INFO:SubProcess create_model() end ==================================
2025-02-27 17:03:22,291:INFO:Creating metrics dataframe
2025-02-27 17:03:22,302:INFO:Initializing Lasso Regression
2025-02-27 17:03:22,302:INFO:Total runtime is 0.5059984207153321 minutes
2025-02-27 17:03:22,311:INFO:SubProcess create_model() called ==================================
2025-02-27 17:03:22,311:INFO:Initializing create_model()
2025-02-27 17:03:22,311:INFO:create_model(self=<pycaret.regression.oop.RegressionExperiment object at 0x0000027446DFFBE0>, estimator=lasso, fold=KFold(n_splits=10, random_state=None, shuffle=False), round=4, cross_validation=True, predict=True, fit_kwargs={}, groups=None, refit=False, probability_threshold=None, experiment_custom_tags=None, verbose=False, system=False, add_to_model_list=True, metrics=None, display=<pycaret.internal.display.display.CommonDisplay object at 0x0000027420278CD0>, model_only=True, return_train_score=False, error_score=0.0, kwargs={})
2025-02-27 17:03:22,311:INFO:Checking exceptions
2025-02-27 17:03:22,311:INFO:Importing libraries
2025-02-27 17:03:22,311:INFO:Copying training dataset
2025-02-27 17:03:22,651:INFO:Defining folds
2025-02-27 17:03:22,651:INFO:Declaring metric variables
2025-02-27 17:03:22,658:INFO:Importing untrained model
2025-02-27 17:03:22,661:INFO:Lasso Regression Imported successfully
2025-02-27 17:03:22,671:INFO:Starting cross validation
2025-02-27 17:03:22,671:INFO:Cross validating with KFold(n_splits=10, random_state=None, shuffle=False), n_jobs=-1
